Build started 12/27/2020 11:33:11 PM.
     1>Project "c:\Users\Ahmed\documents\visual studio 2010\Projects\DSA FINAL PROJECT\DSA FINAL PROJECT\DSA FINAL PROJECT.vcxproj" on node 2 (build target(s)).
     1>InitializeBuildStatus:
         Creating "Debug\DSA FINAL PROJECT.unsuccessfulbuild" because "AlwaysCreate" was specified.
       ClCompile:
         All outputs are up-to-date.
         c:\Program Files (x86)\Microsoft Visual Studio 10.0\VC\bin\CL.exe /c /ZI /nologo /W3 /WX- /Od /Oy- /D WIN32 /D _DEBUG /D _CONSOLE /D _UNICODE /D UNICODE /Gm /EHsc /RTC1 /MDd /GS /fp:precise /Zc:wchar_t /Zc:forScope /Yu"StdAfx.h" /Fp"Debug\DSA FINAL PROJECT.pch" /Fo"Debug\\" /Fd"Debug\vc100.pdb" /Gd /TP /analyze- /errorReport:prompt "DSA FINAL PROJECT.cpp"
         DSA FINAL PROJECT.cpp
       ManifestResourceCompile:
         All outputs are up-to-date.
       Link:
         c:\Program Files (x86)\Microsoft Visual Studio 10.0\VC\bin\link.exe /ERRORREPORT:PROMPT /OUT:"c:\users\ahmed\documents\visual studio 2010\Projects\DSA FINAL PROJECT\Debug\DSA FINAL PROJECT.exe" /INCREMENTAL /NOLOGO kernel32.lib user32.lib gdi32.lib winspool.lib comdlg32.lib advapi32.lib shell32.lib ole32.lib oleaut32.lib uuid.lib odbc32.lib odbccp32.lib /MANIFEST /ManifestFile:"Debug\DSA FINAL PROJECT.exe.intermediate.manifest" /MANIFESTUAC:"level='asInvoker' uiAccess='false'" /DEBUG /PDB:"c:\users\ahmed\documents\visual studio 2010\Projects\DSA FINAL PROJECT\Debug\DSA FINAL PROJECT.pdb" /SUBSYSTEM:CONSOLE /TLBID:1 /DYNAMICBASE /NXCOMPAT /IMPLIB:"c:\users\ahmed\documents\visual studio 2010\Projects\DSA FINAL PROJECT\Debug\DSA FINAL PROJECT.lib" /MACHINE:X86 "Debug\DSA FINAL PROJECT.exe.embed.manifest.res"
         "Debug\DSA FINAL PROJECT.obj"
         Debug\stdafx.obj
       Manifest:
         c:\Program Files (x86)\Microsoft SDKs\Windows\v7.0A\bin\mt.exe /nologo /verbose /out:"Debug\DSA FINAL PROJECT.exe.embed.manifest" /manifest "Debug\DSA FINAL PROJECT.exe.intermediate.manifest"
         All outputs are up-to-date.
       LinkEmbedManifest:
         All outputs are up-to-date.
         DSA FINAL PROJECT.vcxproj -> c:\users\ahmed\documents\visual studio 2010\Projects\DSA FINAL PROJECT\Debug\DSA FINAL PROJECT.exe
       FinalizeBuildStatus:
         Deleting file "Debug\DSA FINAL PROJECT.unsuccessfulbuild".
         Touching "Debug\DSA FINAL PROJECT.lastbuildstate".
     1>Done Building Project "c:\Users\Ahmed\documents\visual studio 2010\Projects\DSA FINAL PROJECT\DSA FINAL PROJECT\DSA FINAL PROJECT.vcxproj" (build target(s)).

Build succeeded.

Time Elapsed 00:00:01.83
